<?xml version="1.0" encoding="UTF-8"?>
<!-- Generated by org.testng.reporters.JUnitXMLReporter -->
<testsuite hostname="IBM651-PC0BY5PB" ignored="0" name="Default test" tests="4" failures="0" timestamp="23 Oct 2018 14:21:03 GMT" time="0.047" errors="0">
  <testcase name="testMethodOne" time="0.005" classname="com.test.testscripts.testfactory.ex_DataProviderTest"/>
  <testcase name="testMethodOne" time="0.002" classname="com.test.testscripts.testfactory.ex_DataProviderTest"/>
  <testcase name="testMethodTwo" time="0.001" classname="com.test.testscripts.testfactory.ex_DataProviderTest"/>
  <testcase name="testMethodTwo" time="0.002" classname="com.test.testscripts.testfactory.ex_DataProviderTest"/>
</testsuite> <!-- Default test -->
