<?xml version="1.0" encoding="UTF-8"?>
<!-- Generated by org.testng.reporters.JUnitXMLReporter -->
<testsuite hostname="IBM651-PC0BY5PB" ignored="0" name="Default test" tests="4" failures="0" timestamp="19 Oct 2018 11:04:14 GMT" time="0.075" errors="0">
  <testcase name="getTestName [login=LoginTestDataStart, email=UserName, password=Password, runmode=runMode]" time="0.006" classname="com.test.testscripts.testfactory.TestNG_Factory_DataProvider"/>
  <testcase name="getTestName [login=1529830551216@gmail.com, email=password, password=N, runmode=null]" time="0.003" classname="com.test.testscripts.testfactory.TestNG_Factory_DataProvider"/>
  <testcase name="getTestName [login=, email=1529830551216@gmail.com, password=password, runmode=Y]" time="0.002" classname="com.test.testscripts.testfactory.TestNG_Factory_DataProvider"/>
  <testcase name="getTestName [login=, email=1529830551216@gmail.com, password=password, runmode=Y]" time="0.001" classname="com.test.testscripts.testfactory.TestNG_Factory_DataProvider"/>
</testsuite> <!-- Default test -->
