<?xml version="1.0" encoding="UTF-8"?>
<!-- Generated by org.testng.reporters.JUnitXMLReporter -->
<testsuite hostname="IBM651-PC0BY5PB" ignored="0" name="WebTest - Data Provider test" tests="4" failures="0" timestamp="24 Oct 2018 11:14:54 GMT" time="108.777" errors="0">
  <testcase name="testMethodOne" time="0.014" classname="com.test.testscripts.testfactory.ex_DataProviderTest"/>
  <testcase name="testMethodOne" time="0.014" classname="com.test.testscripts.testfactory.ex_DataProviderTest"/>
  <testcase name="testMethodTwo" time="0.003" classname="com.test.testscripts.testfactory.ex_DataProviderTest"/>
  <testcase name="testMethodTwo" time="27.377" classname="com.test.testscripts.testfactory.ex_DataProviderTest"/>
</testsuite> <!-- WebTest - Data Provider test -->
