<?xml version="1.0" encoding="UTF-8"?>
<!-- Generated by org.testng.reporters.JUnitXMLReporter -->
<testsuite hostname="IBM651-PC0BY5PB" ignored="0" name="WebTest - Data Provider test" tests="4" failures="0" timestamp="17 Oct 2018 14:29:28 GMT" time="0.863" errors="0">
  <testcase name="LoginTest" time="0.013" classname="com.test.testscripts.TestNG_External_DataProvider"/>
  <testcase name="LoginTest" time="0.002" classname="com.test.testscripts.TestNG_External_DataProvider"/>
  <testcase name="LoginTest" time="0.002" classname="com.test.testscripts.TestNG_External_DataProvider"/>
  <testcase name="LoginTest" time="0.002" classname="com.test.testscripts.TestNG_External_DataProvider"/>
</testsuite> <!-- WebTest - Data Provider test -->
